<?xml version="1.0" encoding="UTF-8"?>
<!-- Generated by org.testng.reporters.JUnitReportReporter -->
<testsuite hostname="DESKTOP-F3VJ554" failures="0" tests="1" name="Tests.PerformancePageTest" time="119.141" errors="0" timestamp="2023-03-02T10:52:35 IST" skipped="0">
  <testcase classname="Tests.PerformancePageTest" name="verifyAddLog" time="119.141"/>
  <system-out/>
</testsuite> <!-- Tests.PerformancePageTest -->
