<?xml version="1.0" encoding="UTF-8"?>
<!-- Generated by org.testng.reporters.JUnitReportReporter -->
<testsuite hostname="DESKTOP-F3VJ554" failures="0" tests="1" name="Tests.RecruitmentPageTest" time="39.668" errors="0" timestamp="2023-03-01T23:26:20 IST" skipped="0">
  <testcase classname="Tests.RecruitmentPageTest" name="verifyAddCandidates" time="39.668"/>
  <system-out/>
</testsuite> <!-- Tests.RecruitmentPageTest -->
