<?xml version="1.0" encoding="UTF-8"?>
<!-- Generated by org.testng.reporters.JUnitReportReporter -->
<testsuite hostname="DESKTOP-F3VJ554" failures="0" tests="1" name="Tests.DashboardTest" time="20.046" errors="0" timestamp="2023-02-21T23:59:39 IST" skipped="0">
  <testcase classname="Tests.DashboardTest" name="verifyQuickLaunchLinks" time="20.046"/>
  <system-out/>
</testsuite> <!-- Tests.DashboardTest -->
