<?xml version="1.0" encoding="UTF-8"?>
<!-- Generated by org.testng.reporters.JUnitReportReporter -->
<testsuite hostname="DESKTOP-F3VJ554" failures="0" tests="3" name="Tests.LoginPageTest" time="179.950" errors="0" timestamp="2023-03-09T10:42:52 IST" skipped="0">
  <testcase classname="Tests.LoginPageTest" name="verifyLoginWthInvalidCredentials" time="75.968"/>
  <system-out/>
  <testcase classname="Tests.LoginPageTest" name="verifyLoginWthInvalidCredentials" time="75.986"/>
  <system-out/>
  <testcase classname="Tests.LoginPageTest" name="verifyLoginWthInvalidCredentials" time="27.996"/>
  <system-out/>
</testsuite> <!-- Tests.LoginPageTest -->
