<?xml version="1.0" encoding="UTF-8"?>
<!-- Generated by org.testng.reporters.JUnitReportReporter -->
<testsuite hostname="DESKTOP-F3VJ554" failures="0" tests="1" name="Tests.LeaveLinkTest" time="60.678" errors="0" timestamp="2023-03-01T21:27:41 IST" skipped="0">
  <testcase classname="Tests.LeaveLinkTest" name="verifyMyLeaveLink" time="60.678"/>
  <system-out/>
</testsuite> <!-- Tests.LeaveLinkTest -->
