<?xml version="1.0" encoding="UTF-8"?>
<!-- Generated by org.testng.reporters.JUnitReportReporter -->
<testsuite hostname="DESKTOP-F3VJ554" failures="0" tests="1" name="Tests.LoginPageTest" time="22.609" errors="0" timestamp="2023-02-13T21:28:54 IST" skipped="0">
  <testcase classname="Tests.LoginPageTest" name="verifyLoginWthValidCredentials" time="22.609"/>
  <system-out/>
</testsuite> <!-- Tests.LoginPageTest -->
