<?xml version="1.0" encoding="UTF-8"?>
<!-- Generated by org.testng.reporters.JUnitReportReporter -->
<testsuite hostname="DESKTOP-F3VJ554" failures="0" tests="1" name="Tests.HomePageTest" time="38.122" errors="0" timestamp="2023-02-22T00:10:36 IST" skipped="0">
  <testcase classname="Tests.HomePageTest" name="verifyLogout" time="38.122"/>
  <system-out/>
</testsuite> <!-- Tests.HomePageTest -->
