<?xml version="1.0" encoding="UTF-8"?>
<!-- Generated by org.testng.reporters.JUnitReportReporter -->
<testsuite hostname="DESKTOP-F3VJ554" failures="0" tests="1" name="Tests.PIMtest" time="38.904" errors="0" timestamp="2023-02-26T21:55:55 IST" skipped="0">
  <testcase classname="Tests.PIMtest" name="verifyAddEmployee" time="38.904"/>
  <system-out/>
</testsuite> <!-- Tests.PIMtest -->
