<?xml version="1.0" encoding="UTF-8"?>
<!-- Generated by org.testng.reporters.JUnitReportReporter -->
<testsuite hostname="DESKTOP-F3VJ554" failures="0" tests="1" name="Tests.BuzzTest" time="62.901" errors="0" timestamp="2023-03-02T14:05:31 IST" skipped="0">
  <testcase classname="Tests.BuzzTest" name="verifyBuzzPost" time="62.901"/>
  <system-out/>
</testsuite> <!-- Tests.BuzzTest -->
